

Processing HomeController#index (for 127.0.0.1 at 2010-04-12 14:59:12) [GET]
Rendering home/index
Completed in 57ms (View: 55, DB: 0) | 200 OK [http://0.0.0.0/home]


Processing HomeController#index (for 127.0.0.1 at 2010-04-12 15:03:17) [GET]
Rendering home/index
Completed in 9ms (View: 7, DB: 0) | 200 OK [http://0.0.0.0/home]


Processing ApplicationController#index (for 127.0.0.1 at 2010-04-12 15:03:25) [GET]

ActionController::RoutingError (No route matches "/x" with {:method=>:get}):
  /usr/lib/ruby/1.8/webrick/httpserver.rb:104:in `service'
  /usr/lib/ruby/1.8/webrick/httpserver.rb:65:in `run'
  /usr/lib/ruby/1.8/webrick/server.rb:173:in `start_thread'
  /usr/lib/ruby/1.8/webrick/server.rb:162:in `start'
  /usr/lib/ruby/1.8/webrick/server.rb:162:in `start_thread'
  /usr/lib/ruby/1.8/webrick/server.rb:95:in `start'
  /usr/lib/ruby/1.8/webrick/server.rb:92:in `each'
  /usr/lib/ruby/1.8/webrick/server.rb:92:in `start'
  /usr/lib/ruby/1.8/webrick/server.rb:23:in `start'
  /usr/lib/ruby/1.8/webrick/server.rb:82:in `start'

Rendering rescues/layout (not_found)


Processing HomeController#index (for 127.0.0.1 at 2010-04-12 15:03:50) [GET]
Rendering home/index
Completed in 3ms (View: 1, DB: 0) | 200 OK [http://0.0.0.0/home]


Processing HomeController#index (for 127.0.0.1 at 2010-04-12 15:05:14) [GET]
Rendering home/index
Completed in 9ms (View: 7, DB: 0) | 200 OK [http://0.0.0.0/home]


Processing HomeController#index (for 127.0.0.1 at 2010-04-12 15:05:41) [GET]
Rendering home/index
Completed in 3ms (View: 1, DB: 0) | 200 OK [http://0.0.0.0/home]


Processing HomeController#index (for 127.0.0.1 at 2010-04-12 15:06:20) [GET]
Rendering home/index
Completed in 3ms (View: 1, DB: 0) | 200 OK [http://0.0.0.0/]


Processing HomeController#index (for 127.0.0.1 at 2010-04-12 15:19:42) [GET]
Rendering home/index
Completed in 9ms (View: 7, DB: 0) | 200 OK [http://0.0.0.0/]


Processing RunnersController#index (for 127.0.0.1 at 2010-04-12 15:19:45) [GET]
  [4;36;1mRunner Load (0.0ms)[0m   [0;1mSQLite3::SQLException: no such table: runners: SELECT * FROM "runners" [0m

ActiveRecord::StatementInvalid (SQLite3::SQLException: no such table: runners: SELECT * FROM "runners" ):
  app/controllers/runners_controller.rb:5:in `index'
  /usr/lib/ruby/1.8/webrick/httpserver.rb:104:in `service'
  /usr/lib/ruby/1.8/webrick/httpserver.rb:65:in `run'
  /usr/lib/ruby/1.8/webrick/server.rb:173:in `start_thread'
  /usr/lib/ruby/1.8/webrick/server.rb:162:in `start'
  /usr/lib/ruby/1.8/webrick/server.rb:162:in `start_thread'
  /usr/lib/ruby/1.8/webrick/server.rb:95:in `start'
  /usr/lib/ruby/1.8/webrick/server.rb:92:in `each'
  /usr/lib/ruby/1.8/webrick/server.rb:92:in `start'
  /usr/lib/ruby/1.8/webrick/server.rb:23:in `start'
  /usr/lib/ruby/1.8/webrick/server.rb:82:in `start'

Rendered rescues/_trace (41.9ms)
Rendered rescues/_request_and_response (1.4ms)
Rendering rescues/layout (internal_server_error)
  [4;36;1mSQL (0.4ms)[0m   [0;1m SELECT name
 FROM sqlite_master
 WHERE type = 'table' AND NOT name = 'sqlite_sequence'
[0m
  [4;35;1mSQL (0.2ms)[0m   [0mselect sqlite_version(*)[0m
  [4;36;1mSQL (110.6ms)[0m   [0;1mCREATE TABLE "schema_migrations" ("version" varchar(255) NOT NULL) [0m
  [4;35;1mSQL (60.2ms)[0m   [0mCREATE UNIQUE INDEX "unique_schema_migrations" ON "schema_migrations" ("version")[0m
  [4;36;1mSQL (0.5ms)[0m   [0;1m SELECT name
 FROM sqlite_master
 WHERE type = 'table' AND NOT name = 'sqlite_sequence'
[0m
  [4;35;1mSQL (0.3ms)[0m   [0mSELECT version FROM schema_migrations[0m
Migrating to CreateRunners (20100412131903)
  [4;36;1mSQL (1.0ms)[0m   [0;1mCREATE TABLE "runners" ("id" INTEGER PRIMARY KEY AUTOINCREMENT NOT NULL, "name" varchar(255), "created_at" datetime, "updated_at" datetime) [0m
  [4;35;1mSQL (0.3ms)[0m   [0mINSERT INTO schema_migrations (version) VALUES ('20100412131903')[0m
  [4;36;1mSQL (0.3ms)[0m   [0;1m SELECT name
 FROM sqlite_master
 WHERE type = 'table' AND NOT name = 'sqlite_sequence'
[0m
  [4;35;1mSQL (0.2ms)[0m   [0mSELECT version FROM schema_migrations[0m
  [4;36;1mSQL (0.2ms)[0m   [0;1m SELECT name
 FROM sqlite_master
 WHERE type = 'table' AND NOT name = 'sqlite_sequence'
[0m
  [4;35;1mSQL (0.1ms)[0m   [0mPRAGMA index_list("runners")[0m


Processing RunnersController#index (for 127.0.0.1 at 2010-04-12 15:21:50) [GET]
  [4;36;1mRunner Load (0.4ms)[0m   [0;1mSELECT * FROM "runners" [0m
Rendering template within layouts/runners
Rendering runners/index
Completed in 91ms (View: 84, DB: 0) | 200 OK [http://0.0.0.0/runners]


Processing RunnersController#new (for 127.0.0.1 at 2010-04-12 15:21:52) [GET]
Rendering template within layouts/runners
Rendering runners/new
Completed in 15ms (View: 9, DB: 0) | 200 OK [http://0.0.0.0/runners/new]


Processing RunnersController#create (for 127.0.0.1 at 2010-04-12 15:21:56) [POST]
  Parameters: {"commit"=>"Create", "authenticity_token"=>"QfRM37hN1F6Z9KneGFUxIW1bTsMTORq+k7pgyT+b1R0=", "runner"=>{"name"=>"Andreas"}}
  [4;35;1mRunner Create (0.5ms)[0m   [0mINSERT INTO "runners" ("name", "created_at", "updated_at") VALUES('Andreas', '2010-04-12 13:21:56', '2010-04-12 13:21:56')[0m
Redirected to http://0.0.0.0:3000/runners/1
Completed in 87ms (DB: 0) | 302 Found [http://0.0.0.0/runners]


Processing RunnersController#show (for 127.0.0.1 at 2010-04-12 15:21:56) [GET]
  Parameters: {"id"=>"1"}
  [4;36;1mRunner Load (0.2ms)[0m   [0;1mSELECT * FROM "runners" WHERE ("runners"."id" = 1) [0m
Rendering template within layouts/runners
Rendering runners/show
Completed in 15ms (View: 8, DB: 0) | 200 OK [http://0.0.0.0/runners/1]


Processing RunnersController#edit (for 127.0.0.1 at 2010-04-12 15:22:22) [GET]
  Parameters: {"id"=>"1"}
  [4;35;1mRunner Load (0.3ms)[0m   [0mSELECT * FROM "runners" WHERE ("runners"."id" = 1) [0m
Rendering template within layouts/runners
Rendering runners/edit
Completed in 55ms (View: 48, DB: 0) | 200 OK [http://0.0.0.0/runners/1/edit]


Processing RunnersController#index (for 127.0.0.1 at 2010-04-12 15:22:25) [GET]
  [4;36;1mRunner Load (0.5ms)[0m   [0;1mSELECT * FROM "runners" [0m
Rendering template within layouts/runners
Rendering runners/index
Completed in 13ms (View: 7, DB: 0) | 200 OK [http://0.0.0.0/runners]


Processing RunnersController#show (for 127.0.0.1 at 2010-04-12 15:22:40) [GET]
  Parameters: {"id"=>"1"}
  [4;35;1mRunner Load (0.2ms)[0m   [0mSELECT * FROM "runners" WHERE ("runners"."id" = 1) [0m
Rendering template within layouts/runners
Rendering runners/show
Completed in 11ms (View: 2, DB: 0) | 200 OK [http://0.0.0.0/runners/1]


Processing RunnersController#new (for 127.0.0.1 at 2010-04-12 15:40:18) [GET]
Rendering template within layouts/runners
Rendering runners/new
Completed in 11ms (View: 4, DB: 0) | 200 OK [http://0.0.0.0/runners/new]


Processing RunnersController#create (for 127.0.0.1 at 2010-04-12 15:40:19) [POST]
  Parameters: {"commit"=>"Create", "authenticity_token"=>"QfRM37hN1F6Z9KneGFUxIW1bTsMTORq+k7pgyT+b1R0=", "runner"=>{"name"=>""}}
  [4;36;1mRunner Create (0.2ms)[0m   [0;1mINSERT INTO "runners" ("name", "created_at", "updated_at") VALUES('', '2010-04-12 13:40:19', '2010-04-12 13:40:19')[0m
Redirected to http://0.0.0.0:3000/runners/2
Completed in 111ms (DB: 0) | 302 Found [http://0.0.0.0/runners]


Processing RunnersController#show (for 127.0.0.1 at 2010-04-12 15:40:19) [GET]
  Parameters: {"id"=>"2"}
  [4;35;1mRunner Load (0.2ms)[0m   [0mSELECT * FROM "runners" WHERE ("runners"."id" = 2) [0m
Rendering template within layouts/runners
Rendering runners/show
Completed in 10ms (View: 2, DB: 0) | 200 OK [http://0.0.0.0/runners/2]


Processing RunnersController#index (for 127.0.0.1 at 2010-04-12 15:40:25) [GET]
  [4;36;1mRunner Load (0.5ms)[0m   [0;1mSELECT * FROM "runners" [0m
Rendering template within layouts/runners
Rendering runners/index
Completed in 24ms (View: 18, DB: 1) | 200 OK [http://0.0.0.0/runners]


Processing RunnersController#destroy (for 127.0.0.1 at 2010-04-12 15:40:32) [DELETE]
  Parameters: {"authenticity_token"=>"QfRM37hN1F6Z9KneGFUxIW1bTsMTORq+k7pgyT+b1R0=", "id"=>"2"}
  [4;35;1mRunner Load (0.2ms)[0m   [0mSELECT * FROM "runners" WHERE ("runners"."id" = 2) [0m
  [4;36;1mRunner Destroy (0.2ms)[0m   [0;1mDELETE FROM "runners" WHERE "id" = 2[0m
Redirected to http://0.0.0.0:3000/runners
Completed in 78ms (DB: 0) | 302 Found [http://0.0.0.0/runners/2]


Processing RunnersController#index (for 127.0.0.1 at 2010-04-12 15:40:32) [GET]
  [4;35;1mRunner Load (1.3ms)[0m   [0mSELECT * FROM "runners" [0m
Rendering template within layouts/runners
Rendering runners/index
Completed in 15ms (View: 8, DB: 1) | 200 OK [http://0.0.0.0/runners]


Processing RunnersController#new (for 127.0.0.1 at 2010-04-12 15:41:38) [GET]
Rendering template within layouts/runners
Rendering runners/new
Completed in 12ms (View: 4, DB: 0) | 200 OK [http://0.0.0.0/runners/new]


Processing RunnersController#create (for 127.0.0.1 at 2010-04-12 15:41:40) [POST]
  Parameters: {"commit"=>"Create", "authenticity_token"=>"QfRM37hN1F6Z9KneGFUxIW1bTsMTORq+k7pgyT+b1R0=", "runner"=>{"name"=>""}}
Rendering template within layouts/runners
Rendering runners/new
Completed in 22ms (View: 12, DB: 0) | 200 OK [http://0.0.0.0/runners]


Processing RunnersController#create (for 127.0.0.1 at 2010-04-12 15:41:44) [POST]
  Parameters: {"commit"=>"Create", "authenticity_token"=>"QfRM37hN1F6Z9KneGFUxIW1bTsMTORq+k7pgyT+b1R0=", "runner"=>{"name"=>"b"}}
Rendering template within layouts/runners
Rendering runners/new
Completed in 31ms (View: 23, DB: 0) | 200 OK [http://0.0.0.0/runners]


Processing RunnersController#create (for 127.0.0.1 at 2010-04-12 15:42:01) [POST]
  Parameters: {"commit"=>"Create", "authenticity_token"=>"QfRM37hN1F6Z9KneGFUxIW1bTsMTORq+k7pgyT+b1R0=", "runner"=>{"name"=>"Blitz"}}
  [4;36;1mRunner Create (0.2ms)[0m   [0;1mINSERT INTO "runners" ("name", "created_at", "updated_at") VALUES('Blitz', '2010-04-12 13:42:01', '2010-04-12 13:42:01')[0m
Redirected to http://0.0.0.0:3000/runners/3
Completed in 97ms (DB: 0) | 302 Found [http://0.0.0.0/runners]


Processing RunnersController#show (for 127.0.0.1 at 2010-04-12 15:42:01) [GET]
  Parameters: {"id"=>"3"}
  [4;35;1mRunner Load (0.2ms)[0m   [0mSELECT * FROM "runners" WHERE ("runners"."id" = 3) [0m
Rendering template within layouts/runners
Rendering runners/show
Completed in 66ms (View: 40, DB: 0) | 200 OK [http://0.0.0.0/runners/3]


Processing RunnersController#index (for 127.0.0.1 at 2010-04-12 15:42:04) [GET]
  [4;36;1mRunner Load (0.5ms)[0m   [0;1mSELECT * FROM "runners" [0m
Rendering template within layouts/runners
Rendering runners/index
Completed in 31ms (View: 10, DB: 1) | 200 OK [http://0.0.0.0/runners]


Processing RunnersController#index to xml (for 127.0.0.1 at 2010-04-12 15:43:14) [GET]
  [4;35;1mRunner Load (0.6ms)[0m   [0mSELECT * FROM "runners" [0m
Completed in 154ms (View: 147, DB: 1) | 200 OK [http://0.0.0.0/runners.xml]


Processing RunnersController#index (for 127.0.0.1 at 2010-04-12 15:47:27) [GET]
  [4;36;1mRunner Load (0.6ms)[0m   [0;1mSELECT * FROM "runners" [0m
Rendering template within layouts/runners
Rendering runners/index
Completed in 22ms (View: 15, DB: 1) | 200 OK [http://0.0.0.0/runners]


Processing RunnersController#edit (for 127.0.0.1 at 2010-04-12 15:53:41) [GET]
  Parameters: {"id"=>"1"}
  [4;35;1mRunner Load (0.3ms)[0m   [0mSELECT * FROM "runners" WHERE ("runners"."id" = 1) [0m
Rendering template within layouts/runners
Rendering runners/edit
Completed in 47ms (View: 39, DB: 0) | 200 OK [http://0.0.0.0/runners/1/edit]


Processing HomeController#index (for 127.0.0.1 at 2010-04-12 16:31:22) [GET]
Rendering home/index
Completed in 11ms (View: 8, DB: 0) | 200 OK [http://0.0.0.0/]


Processing RunnersController#index (for 127.0.0.1 at 2010-04-12 16:31:24) [GET]
  [4;36;1mRunner Load (0.6ms)[0m   [0;1mSELECT * FROM "runners" [0m
Rendering template within layouts/runners
Rendering runners/index
Completed in 24ms (View: 16, DB: 1) | 200 OK [http://0.0.0.0/runners]


Processing RunnersController#edit (for 127.0.0.1 at 2010-04-12 16:31:26) [GET]
  Parameters: {"id"=>"3"}
  [4;35;1mRunner Load (0.2ms)[0m   [0mSELECT * FROM "runners" WHERE ("runners"."id" = 3) [0m
Rendering template within layouts/runners
Rendering runners/edit
Rendered runners/_form (5.3ms)
Completed in 25ms (View: 15, DB: 0) | 200 OK [http://0.0.0.0/runners/3/edit]


Processing RunnersController#update (for 127.0.0.1 at 2010-04-12 16:31:31) [PUT]
  Parameters: {"commit"=>"Save", "authenticity_token"=>"QfRM37hN1F6Z9KneGFUxIW1bTsMTORq+k7pgyT+b1R0=", "id"=>"3", "runner"=>{"name"=>"Blitzzz"}}
  [4;36;1mRunner Load (0.3ms)[0m   [0;1mSELECT * FROM "runners" WHERE ("runners"."id" = 3) [0m
  [4;35;1mRunner Update (0.2ms)[0m   [0mUPDATE "runners" SET "updated_at" = '2010-04-12 14:31:31', "name" = 'Blitzzz' WHERE "id" = 3[0m
Redirected to http://0.0.0.0:3000/runners/3
Completed in 91ms (DB: 1) | 302 Found [http://0.0.0.0/runners/3]


Processing RunnersController#show (for 127.0.0.1 at 2010-04-12 16:31:31) [GET]
  Parameters: {"id"=>"3"}
  [4;36;1mRunner Load (0.3ms)[0m   [0;1mSELECT * FROM "runners" WHERE ("runners"."id" = 3) [0m
Rendering template within layouts/runners
Rendering runners/show
Completed in 23ms (View: 3, DB: 0) | 200 OK [http://0.0.0.0/runners/3]


Processing RunnersController#index (for 127.0.0.1 at 2010-04-12 16:31:33) [GET]
  [4;35;1mRunner Load (0.5ms)[0m   [0mSELECT * FROM "runners" [0m
Rendering template within layouts/runners
Rendering runners/index
Completed in 57ms (View: 49, DB: 1) | 200 OK [http://0.0.0.0/runners]


Processing RunnersController#new (for 127.0.0.1 at 2010-04-12 16:31:34) [GET]
Rendering template within layouts/runners
Rendering runners/new
Rendered runners/_form (4.8ms)
Completed in 17ms (View: 10, DB: 0) | 200 OK [http://0.0.0.0/runners/new]


Processing RunnersController#create (for 127.0.0.1 at 2010-04-12 16:31:41) [POST]
  Parameters: {"commit"=>"Save", "authenticity_token"=>"QfRM37hN1F6Z9KneGFUxIW1bTsMTORq+k7pgyT+b1R0=", "runner"=>{"name"=>"Turbo"}}
  [4;36;1mRunner Create (0.2ms)[0m   [0;1mINSERT INTO "runners" ("name", "created_at", "updated_at") VALUES('Turbo', '2010-04-12 14:31:41', '2010-04-12 14:31:41')[0m
Redirected to http://0.0.0.0:3000/runners/4
Completed in 79ms (DB: 0) | 302 Found [http://0.0.0.0/runners]


Processing RunnersController#show (for 127.0.0.1 at 2010-04-12 16:31:41) [GET]
  Parameters: {"id"=>"4"}
  [4;35;1mRunner Load (0.2ms)[0m   [0mSELECT * FROM "runners" WHERE ("runners"."id" = 4) [0m
Rendering template within layouts/runners
Rendering runners/show
Completed in 21ms (View: 3, DB: 0) | 200 OK [http://0.0.0.0/runners/4]


Processing RunnersController#index (for 127.0.0.1 at 2010-04-12 16:31:43) [GET]
  [4;36;1mRunner Load (0.6ms)[0m   [0;1mSELECT * FROM "runners" [0m
Rendering template within layouts/runners
Rendering runners/index
Completed in 27ms (View: 20, DB: 1) | 200 OK [http://0.0.0.0/runners]


Processing RunnersController#edit (for 127.0.0.1 at 2010-04-12 16:47:08) [GET]
  Parameters: {"id"=>"1"}

NameError (uninitialized constant RunnersController::Post):
  app/controllers/runners_controller.rb:91:in `find_post'
  /usr/lib/ruby/1.8/webrick/httpserver.rb:104:in `service'
  /usr/lib/ruby/1.8/webrick/httpserver.rb:65:in `run'
  /usr/lib/ruby/1.8/webrick/server.rb:173:in `start_thread'
  /usr/lib/ruby/1.8/webrick/server.rb:162:in `start'
  /usr/lib/ruby/1.8/webrick/server.rb:162:in `start_thread'
  /usr/lib/ruby/1.8/webrick/server.rb:95:in `start'
  /usr/lib/ruby/1.8/webrick/server.rb:92:in `each'
  /usr/lib/ruby/1.8/webrick/server.rb:92:in `start'
  /usr/lib/ruby/1.8/webrick/server.rb:23:in `start'
  /usr/lib/ruby/1.8/webrick/server.rb:82:in `start'

Rendered rescues/_trace (36.4ms)
Rendered rescues/_request_and_response (1.3ms)
Rendering rescues/layout (internal_server_error)


Processing RunnersController#edit (for 127.0.0.1 at 2010-04-12 16:50:03) [GET]
  Parameters: {"id"=>"1"}

NameError (uninitialized constant RunnersController::Post):
  app/controllers/runners_controller.rb:92:in `find_post'
  /usr/lib/ruby/1.8/webrick/httpserver.rb:104:in `service'
  /usr/lib/ruby/1.8/webrick/httpserver.rb:65:in `run'
  /usr/lib/ruby/1.8/webrick/server.rb:173:in `start_thread'
  /usr/lib/ruby/1.8/webrick/server.rb:162:in `start'
  /usr/lib/ruby/1.8/webrick/server.rb:162:in `start_thread'
  /usr/lib/ruby/1.8/webrick/server.rb:95:in `start'
  /usr/lib/ruby/1.8/webrick/server.rb:92:in `each'
  /usr/lib/ruby/1.8/webrick/server.rb:92:in `start'
  /usr/lib/ruby/1.8/webrick/server.rb:23:in `start'
  /usr/lib/ruby/1.8/webrick/server.rb:82:in `start'

Rendered rescues/_trace (74.3ms)
Rendered rescues/_request_and_response (0.3ms)
Rendering rescues/layout (internal_server_error)


Processing RunnersController#edit (for 127.0.0.1 at 2010-04-12 16:51:23) [GET]
  Parameters: {"id"=>"1"}

NameError (uninitialized constant RunnersController::Post):
  app/controllers/runners_controller.rb:92:in `find_post'
  /usr/lib/ruby/1.8/webrick/httpserver.rb:104:in `service'
  /usr/lib/ruby/1.8/webrick/httpserver.rb:65:in `run'
  /usr/lib/ruby/1.8/webrick/server.rb:173:in `start_thread'
  /usr/lib/ruby/1.8/webrick/server.rb:162:in `start'
  /usr/lib/ruby/1.8/webrick/server.rb:162:in `start_thread'
  /usr/lib/ruby/1.8/webrick/server.rb:95:in `start'
  /usr/lib/ruby/1.8/webrick/server.rb:92:in `each'
  /usr/lib/ruby/1.8/webrick/server.rb:92:in `start'
  /usr/lib/ruby/1.8/webrick/server.rb:23:in `start'
  /usr/lib/ruby/1.8/webrick/server.rb:82:in `start'

Rendered rescues/_trace (35.3ms)
Rendered rescues/_request_and_response (0.3ms)
Rendering rescues/layout (internal_server_error)


Processing RunnersController#edit (for 127.0.0.1 at 2010-04-12 16:51:38) [GET]
  Parameters: {"id"=>"1"}

NameError (uninitialized constant RunnersController::Post):
  app/controllers/runners_controller.rb:93:in `find_post'
  /usr/lib/ruby/1.8/webrick/httpserver.rb:104:in `service'
  /usr/lib/ruby/1.8/webrick/httpserver.rb:65:in `run'
  /usr/lib/ruby/1.8/webrick/server.rb:173:in `start_thread'
  /usr/lib/ruby/1.8/webrick/server.rb:162:in `start'
  /usr/lib/ruby/1.8/webrick/server.rb:162:in `start_thread'
  /usr/lib/ruby/1.8/webrick/server.rb:95:in `start'
  /usr/lib/ruby/1.8/webrick/server.rb:92:in `each'
  /usr/lib/ruby/1.8/webrick/server.rb:92:in `start'
  /usr/lib/ruby/1.8/webrick/server.rb:23:in `start'
  /usr/lib/ruby/1.8/webrick/server.rb:82:in `start'

Rendered rescues/_trace (34.7ms)
Rendered rescues/_request_and_response (0.3ms)
Rendering rescues/layout (internal_server_error)


Processing RunnersController#edit (for 127.0.0.1 at 2010-04-12 16:52:01) [GET]
  Parameters: {"id"=>"1"}

NameError (uninitialized constant RunnersController::Post):
  app/controllers/runners_controller.rb:93:in `find_post'
  /usr/lib/ruby/1.8/webrick/httpserver.rb:104:in `service'
  /usr/lib/ruby/1.8/webrick/httpserver.rb:65:in `run'
  /usr/lib/ruby/1.8/webrick/server.rb:173:in `start_thread'
  /usr/lib/ruby/1.8/webrick/server.rb:162:in `start'
  /usr/lib/ruby/1.8/webrick/server.rb:162:in `start_thread'
  /usr/lib/ruby/1.8/webrick/server.rb:95:in `start'
  /usr/lib/ruby/1.8/webrick/server.rb:92:in `each'
  /usr/lib/ruby/1.8/webrick/server.rb:92:in `start'
  /usr/lib/ruby/1.8/webrick/server.rb:23:in `start'
  /usr/lib/ruby/1.8/webrick/server.rb:82:in `start'

Rendered rescues/_trace (76.9ms)
Rendered rescues/_request_and_response (0.3ms)
Rendering rescues/layout (internal_server_error)


Processing RunnersController#edit (for 127.0.0.1 at 2010-04-12 16:52:03) [GET]
  Parameters: {"id"=>"1"}

NameError (uninitialized constant RunnersController::Post):
  app/controllers/runners_controller.rb:93:in `find_post'
  /usr/lib/ruby/1.8/webrick/httpserver.rb:104:in `service'
  /usr/lib/ruby/1.8/webrick/httpserver.rb:65:in `run'
  /usr/lib/ruby/1.8/webrick/server.rb:173:in `start_thread'
  /usr/lib/ruby/1.8/webrick/server.rb:162:in `start'
  /usr/lib/ruby/1.8/webrick/server.rb:162:in `start_thread'
  /usr/lib/ruby/1.8/webrick/server.rb:95:in `start'
  /usr/lib/ruby/1.8/webrick/server.rb:92:in `each'
  /usr/lib/ruby/1.8/webrick/server.rb:92:in `start'
  /usr/lib/ruby/1.8/webrick/server.rb:23:in `start'
  /usr/lib/ruby/1.8/webrick/server.rb:82:in `start'

Rendered rescues/_trace (35.3ms)
Rendered rescues/_request_and_response (0.3ms)
Rendering rescues/layout (internal_server_error)


Processing RunnersController#index (for 127.0.0.1 at 2010-04-12 16:52:07) [GET]
  [4;36;1mRunner Load (0.8ms)[0m   [0;1mSELECT * FROM "runners" [0m
Rendering template within layouts/runners
Rendering runners/index
Completed in 85ms (View: 78, DB: 1) | 200 OK [http://0.0.0.0/runners/]


Processing RunnersController#edit (for 127.0.0.1 at 2010-04-12 16:52:09) [GET]
  Parameters: {"id"=>"1"}

NameError (uninitialized constant RunnersController::Post):
  app/controllers/runners_controller.rb:93:in `find_post'
  /usr/lib/ruby/1.8/webrick/httpserver.rb:104:in `service'
  /usr/lib/ruby/1.8/webrick/httpserver.rb:65:in `run'
  /usr/lib/ruby/1.8/webrick/server.rb:173:in `start_thread'
  /usr/lib/ruby/1.8/webrick/server.rb:162:in `start'
  /usr/lib/ruby/1.8/webrick/server.rb:162:in `start_thread'
  /usr/lib/ruby/1.8/webrick/server.rb:95:in `start'
  /usr/lib/ruby/1.8/webrick/server.rb:92:in `each'
  /usr/lib/ruby/1.8/webrick/server.rb:92:in `start'
  /usr/lib/ruby/1.8/webrick/server.rb:23:in `start'
  /usr/lib/ruby/1.8/webrick/server.rb:82:in `start'

Rendered rescues/_trace (36.4ms)
Rendered rescues/_request_and_response (0.4ms)
Rendering rescues/layout (internal_server_error)


Processing RunnersController#edit (for 127.0.0.1 at 2010-04-12 16:53:16) [GET]
  Parameters: {"id"=>"1"}
  [4;35;1mRunner Load (0.2ms)[0m   [0mSELECT * FROM "runners" WHERE ("runners"."id" = 1) [0m
Rendering template within layouts/runners
Rendering runners/edit
Rendered runners/_form (4.4ms)
Completed in 21ms (View: 14, DB: 0) | 200 OK [http://0.0.0.0/runners/1/edit]


Processing RunnersController#update (for 127.0.0.1 at 2010-04-12 16:53:18) [PUT]
  Parameters: {"commit"=>"Save", "authenticity_token"=>"QfRM37hN1F6Z9KneGFUxIW1bTsMTORq+k7pgyT+b1R0=", "id"=>"1", "runner"=>{"name"=>"Andreas"}}

NoMethodError (You have a nil object when you didn't expect it!
You might have expected an instance of ActiveRecord::Base.
The error occurred while evaluating nil.update_attributes):
  app/controllers/runners_controller.rb:68:in `update'
  app/controllers/runners_controller.rb:67:in `update'
  /usr/lib/ruby/1.8/webrick/httpserver.rb:104:in `service'
  /usr/lib/ruby/1.8/webrick/httpserver.rb:65:in `run'
  /usr/lib/ruby/1.8/webrick/server.rb:173:in `start_thread'
  /usr/lib/ruby/1.8/webrick/server.rb:162:in `start'
  /usr/lib/ruby/1.8/webrick/server.rb:162:in `start_thread'
  /usr/lib/ruby/1.8/webrick/server.rb:95:in `start'
  /usr/lib/ruby/1.8/webrick/server.rb:92:in `each'
  /usr/lib/ruby/1.8/webrick/server.rb:92:in `start'
  /usr/lib/ruby/1.8/webrick/server.rb:23:in `start'
  /usr/lib/ruby/1.8/webrick/server.rb:82:in `start'

Rendered rescues/_trace (104.8ms)
Rendered rescues/_request_and_response (0.4ms)
Rendering rescues/layout (internal_server_error)


Processing RunnersController#show (for 127.0.0.1 at 2010-04-12 16:54:10) [GET]
  Parameters: {"id"=>"1"}
  [4;36;1mRunner Load (0.2ms)[0m   [0;1mSELECT * FROM "runners" WHERE ("runners"."id" = 1) [0m
Rendering template within layouts/runners
Rendering runners/show
Completed in 14ms (View: 6, DB: 0) | 200 OK [http://0.0.0.0/runners/1]


Processing RunnersController#index (for 127.0.0.1 at 2010-04-12 16:54:13) [GET]
  [4;35;1mRunner Load (0.6ms)[0m   [0mSELECT * FROM "runners" [0m
Rendering template within layouts/runners
Rendering runners/index
Completed in 23ms (View: 14, DB: 1) | 200 OK [http://0.0.0.0/runners]


Processing RunnersController#show (for 127.0.0.1 at 2010-04-12 16:54:15) [GET]
  Parameters: {"id"=>"1"}
  [4;36;1mRunner Load (0.2ms)[0m   [0;1mSELECT * FROM "runners" WHERE ("runners"."id" = 1) [0m
Rendering template within layouts/runners
Rendering runners/show
Completed in 11ms (View: 3, DB: 0) | 200 OK [http://0.0.0.0/runners/1]


Processing RunnersController#index (for 127.0.0.1 at 2010-04-12 16:54:16) [GET]
  [4;35;1mRunner Load (0.6ms)[0m   [0mSELECT * FROM "runners" [0m
Rendering template within layouts/runners
Rendering runners/index
Completed in 21ms (View: 14, DB: 1) | 200 OK [http://0.0.0.0/runners]


Processing RunnersController#edit (for 127.0.0.1 at 2010-04-12 16:54:17) [GET]
  Parameters: {"id"=>"1"}
  [4;36;1mRunner Load (0.3ms)[0m   [0;1mSELECT * FROM "runners" WHERE ("runners"."id" = 1) [0m
Rendering template within layouts/runners
Rendering runners/edit
Rendered runners/_form (3.7ms)
Completed in 13ms (View: 6, DB: 0) | 200 OK [http://0.0.0.0/runners/1/edit]


Processing RunnersController#update (for 127.0.0.1 at 2010-04-12 16:54:19) [PUT]
  Parameters: {"commit"=>"Save", "authenticity_token"=>"QfRM37hN1F6Z9KneGFUxIW1bTsMTORq+k7pgyT+b1R0=", "id"=>"1", "runner"=>{"name"=>"Andreas"}}
  [4;35;1mRunner Load (0.3ms)[0m   [0mSELECT * FROM "runners" WHERE ("runners"."id" = 1) [0m
Redirected to http://0.0.0.0:3000/runners/1
Completed in 11ms (DB: 0) | 302 Found [http://0.0.0.0/runners/1]


Processing RunnersController#show (for 127.0.0.1 at 2010-04-12 16:54:19) [GET]
  Parameters: {"id"=>"1"}
  [4;36;1mRunner Load (0.2ms)[0m   [0;1mSELECT * FROM "runners" WHERE ("runners"."id" = 1) [0m
Rendering template within layouts/runners
Rendering runners/show
Completed in 10ms (View: 3, DB: 0) | 200 OK [http://0.0.0.0/runners/1]


Processing RunnersController#index (for 127.0.0.1 at 2010-04-12 16:54:20) [GET]
  [4;35;1mRunner Load (0.6ms)[0m   [0mSELECT * FROM "runners" [0m
Rendering template within layouts/runners
Rendering runners/index
Completed in 23ms (View: 16, DB: 1) | 200 OK [http://0.0.0.0/runners]


Processing RunnersController#new (for 127.0.0.1 at 2010-04-12 16:54:22) [GET]
Rendering template within layouts/runners
Rendering runners/new
Rendered runners/_form (3.4ms)
Completed in 20ms (View: 13, DB: 0) | 200 OK [http://0.0.0.0/runners/new]


Processing RunnersController#create (for 127.0.0.1 at 2010-04-12 16:54:25) [POST]
  Parameters: {"commit"=>"Save", "authenticity_token"=>"QfRM37hN1F6Z9KneGFUxIW1bTsMTORq+k7pgyT+b1R0=", "runner"=>{"name"=>"etwer"}}
  [4;36;1mRunner Create (0.4ms)[0m   [0;1mINSERT INTO "runners" ("name", "created_at", "updated_at") VALUES('etwer', '2010-04-12 14:54:25', '2010-04-12 14:54:25')[0m
Redirected to http://0.0.0.0:3000/runners/5
Completed in 90ms (DB: 0) | 302 Found [http://0.0.0.0/runners]


Processing RunnersController#show (for 127.0.0.1 at 2010-04-12 16:54:25) [GET]
  Parameters: {"id"=>"5"}
  [4;35;1mRunner Load (0.3ms)[0m   [0mSELECT * FROM "runners" WHERE ("runners"."id" = 5) [0m
Rendering template within layouts/runners
Rendering runners/show
Completed in 11ms (View: 3, DB: 0) | 200 OK [http://0.0.0.0/runners/5]


Processing RunnersController#index (for 127.0.0.1 at 2010-04-12 16:54:27) [GET]
  [4;36;1mRunner Load (0.7ms)[0m   [0;1mSELECT * FROM "runners" [0m
Rendering template within layouts/runners
Rendering runners/index
Completed in 64ms (View: 57, DB: 1) | 200 OK [http://0.0.0.0/runners]
  [4;36;1mSQL (0.6ms)[0m   [0;1m SELECT name
 FROM sqlite_master
 WHERE type = 'table' AND NOT name = 'sqlite_sequence'
[0m
  [4;35;1mSQL (0.2ms)[0m   [0mSELECT version FROM schema_migrations[0m
Migrating to CreateRunners (20100412131903)
Migrating to CreateRuns (20100412150407)
  [4;36;1mSQL (0.1ms)[0m   [0;1mselect sqlite_version(*)[0m
  [4;35;1mSQL (0.5ms)[0m   [0mCREATE TABLE "runs" ("id" INTEGER PRIMARY KEY AUTOINCREMENT NOT NULL, "created_at" datetime, "updated_at" datetime) [0m
  [4;36;1mSQL (0.1ms)[0m   [0;1mINSERT INTO schema_migrations (version) VALUES ('20100412150407')[0m
  [4;35;1mSQL (0.4ms)[0m   [0m SELECT name
 FROM sqlite_master
 WHERE type = 'table' AND NOT name = 'sqlite_sequence'
[0m
  [4;36;1mSQL (0.2ms)[0m   [0;1mSELECT version FROM schema_migrations[0m
  [4;35;1mSQL (0.2ms)[0m   [0m SELECT name
 FROM sqlite_master
 WHERE type = 'table' AND NOT name = 'sqlite_sequence'
[0m
  [4;36;1mSQL (0.1ms)[0m   [0;1mPRAGMA index_list("runners")[0m
  [4;35;1mSQL (0.1ms)[0m   [0mPRAGMA index_list("runs")[0m
  [4;36;1mSQL (0.6ms)[0m   [0;1m SELECT name
 FROM sqlite_master
 WHERE type = 'table' AND NOT name = 'sqlite_sequence'
[0m
  [4;35;1mSQL (0.6ms)[0m   [0mSELECT version FROM schema_migrations[0m
Migrating to CreateRunners (20100412131903)
  [4;36;1mSQL (0.5ms)[0m   [0;1mselect sqlite_version(*)[0m
  [4;35;1mSQL (0.7ms)[0m   [0m SELECT name
 FROM sqlite_master
 WHERE type = 'table' AND NOT name = 'sqlite_sequence'
[0m
  [4;36;1mSQL (0.5ms)[0m   [0;1mSELECT version FROM schema_migrations[0m
  [4;35;1mSQL (0.7ms)[0m   [0m SELECT name
 FROM sqlite_master
 WHERE type = 'table' AND NOT name = 'sqlite_sequence'
[0m
  [4;36;1mSQL (0.2ms)[0m   [0;1mPRAGMA index_list("runners")[0m
  [4;35;1mSQL (0.1ms)[0m   [0mPRAGMA index_list("runs")[0m
  [4;36;1mSQL (0.6ms)[0m   [0;1m SELECT name
 FROM sqlite_master
 WHERE type = 'table' AND NOT name = 'sqlite_sequence'
[0m
  [4;35;1mSQL (0.2ms)[0m   [0mSELECT version FROM schema_migrations[0m
Migrating to CreateRunners (20100412131903)
Migrating to CreateUnits (20100414195446)
  [4;36;1mSQL (0.1ms)[0m   [0;1mselect sqlite_version(*)[0m
  [4;35;1mSQL (0.5ms)[0m   [0mCREATE TABLE "units" ("id" INTEGER PRIMARY KEY AUTOINCREMENT NOT NULL, "description" varchar(255), "date" date, "runner_id" integer, "created_at" datetime, "updated_at" datetime) [0m
  [4;36;1mSQL (0.1ms)[0m   [0;1mINSERT INTO schema_migrations (version) VALUES ('20100414195446')[0m
  [4;35;1mSQL (0.4ms)[0m   [0m SELECT name
 FROM sqlite_master
 WHERE type = 'table' AND NOT name = 'sqlite_sequence'
[0m
  [4;36;1mSQL (0.2ms)[0m   [0;1mSELECT version FROM schema_migrations[0m
  [4;35;1mSQL (0.3ms)[0m   [0m SELECT name
 FROM sqlite_master
 WHERE type = 'table' AND NOT name = 'sqlite_sequence'
[0m
  [4;36;1mSQL (0.1ms)[0m   [0;1mPRAGMA index_list("runners")[0m
  [4;35;1mSQL (0.1ms)[0m   [0mPRAGMA index_list("runs")[0m
  [4;36;1mSQL (0.1ms)[0m   [0;1mPRAGMA index_list("units")[0m


Processing HomeController#index (for 127.0.0.1 at 2010-04-14 22:00:25) [GET]
Rendering home/index
Completed in 74ms (View: 70, DB: 0) | 200 OK [http://0.0.0.0/]


Processing RunnersController#index (for 127.0.0.1 at 2010-04-14 22:00:29) [GET]
  [4;36;1mRunner Load (0.8ms)[0m   [0;1mSELECT * FROM "runners" [0m
Rendering template within layouts/runners
Rendering runners/index
Completed in 98ms (View: 61, DB: 1) | 200 OK [http://0.0.0.0/runners]


Processing RunnersController#edit (for 127.0.0.1 at 2010-04-14 22:00:33) [GET]
  Parameters: {"id"=>"5"}
  [4;35;1mRunner Load (0.3ms)[0m   [0mSELECT * FROM "runners" WHERE ("runners"."id" = 5) [0m
Rendering template within layouts/runners
Rendering runners/edit
Rendered runners/_form (13.8ms)
Completed in 60ms (View: 52, DB: 0) | 200 OK [http://0.0.0.0/runners/5/edit]


Processing RunnersController#update (for 127.0.0.1 at 2010-04-14 22:00:35) [PUT]
  Parameters: {"commit"=>"Save", "authenticity_token"=>"R2jQ7LMbj8jsblsVevyezviJuwleRY2WrTQc2O/g/Ow=", "id"=>"5", "runner"=>{"name"=>"etwerasd"}}
  [4;36;1mRunner Load (0.3ms)[0m   [0;1mSELECT * FROM "runners" WHERE ("runners"."id" = 5) [0m
  [4;35;1mRunner Update (0.5ms)[0m   [0mUPDATE "runners" SET "updated_at" = '2010-04-14 20:00:35', "name" = 'etwerasd' WHERE "id" = 5[0m
Redirected to http://0.0.0.0:3000/runners/5
Completed in 84ms (DB: 1) | 302 Found [http://0.0.0.0/runners/5]


Processing RunnersController#show (for 127.0.0.1 at 2010-04-14 22:00:36) [GET]
  Parameters: {"id"=>"5"}
  [4;36;1mRunner Load (0.2ms)[0m   [0;1mSELECT * FROM "runners" WHERE ("runners"."id" = 5) [0m
Rendering template within layouts/runners
Rendering runners/show
Completed in 16ms (View: 7, DB: 0) | 200 OK [http://0.0.0.0/runners/5]


Processing ApplicationController#index (for 127.0.0.1 at 2010-04-14 22:00:40) [GET]

ActionController::RoutingError (No route matches "/units" with {:method=>:get}):
  /usr/lib/ruby/1.8/webrick/httpserver.rb:104:in `service'
  /usr/lib/ruby/1.8/webrick/httpserver.rb:65:in `run'
  /usr/lib/ruby/1.8/webrick/server.rb:173:in `start_thread'
  /usr/lib/ruby/1.8/webrick/server.rb:162:in `start'
  /usr/lib/ruby/1.8/webrick/server.rb:162:in `start_thread'
  /usr/lib/ruby/1.8/webrick/server.rb:95:in `start'
  /usr/lib/ruby/1.8/webrick/server.rb:92:in `each'
  /usr/lib/ruby/1.8/webrick/server.rb:92:in `start'
  /usr/lib/ruby/1.8/webrick/server.rb:23:in `start'
  /usr/lib/ruby/1.8/webrick/server.rb:82:in `start'

Rendering rescues/layout (not_found)


Processing ApplicationController#index (for 127.0.0.1 at 2010-04-14 22:00:44) [GET]

ActionController::RoutingError (No route matches "/unit" with {:method=>:get}):
  /usr/lib/ruby/1.8/webrick/httpserver.rb:104:in `service'
  /usr/lib/ruby/1.8/webrick/httpserver.rb:65:in `run'
  /usr/lib/ruby/1.8/webrick/server.rb:173:in `start_thread'
  /usr/lib/ruby/1.8/webrick/server.rb:162:in `start'
  /usr/lib/ruby/1.8/webrick/server.rb:162:in `start_thread'
  /usr/lib/ruby/1.8/webrick/server.rb:95:in `start'
  /usr/lib/ruby/1.8/webrick/server.rb:92:in `each'
  /usr/lib/ruby/1.8/webrick/server.rb:92:in `start'
  /usr/lib/ruby/1.8/webrick/server.rb:23:in `start'
  /usr/lib/ruby/1.8/webrick/server.rb:82:in `start'

Rendering rescues/layout (not_found)


Processing ApplicationController#index (for 127.0.0.1 at 2010-04-14 22:02:11) [GET]

ActionController::RoutingError (No route matches "/runnerst" with {:method=>:get}):
  /usr/lib/ruby/1.8/webrick/httpserver.rb:104:in `service'
  /usr/lib/ruby/1.8/webrick/httpserver.rb:65:in `run'
  /usr/lib/ruby/1.8/webrick/server.rb:173:in `start_thread'
  /usr/lib/ruby/1.8/webrick/server.rb:162:in `start'
  /usr/lib/ruby/1.8/webrick/server.rb:162:in `start_thread'
  /usr/lib/ruby/1.8/webrick/server.rb:95:in `start'
  /usr/lib/ruby/1.8/webrick/server.rb:92:in `each'
  /usr/lib/ruby/1.8/webrick/server.rb:92:in `start'
  /usr/lib/ruby/1.8/webrick/server.rb:23:in `start'
  /usr/lib/ruby/1.8/webrick/server.rb:82:in `start'

Rendering rescues/layout (not_found)


Processing RunnersController#index (for 127.0.0.1 at 2010-04-14 22:02:14) [GET]
  [4;35;1mRunner Load (0.7ms)[0m   [0mSELECT * FROM "runners" [0m
Rendering template within layouts/runners
Rendering runners/index
Completed in 72ms (View: 61, DB: 1) | 200 OK [http://0.0.0.0/runners]


Processing RunnersController#edit (for 127.0.0.1 at 2010-04-14 22:02:15) [GET]
  Parameters: {"id"=>"1"}
  [4;36;1mRunner Load (0.3ms)[0m   [0;1mSELECT * FROM "runners" WHERE ("runners"."id" = 1) [0m
Rendering template within layouts/runners
Rendering runners/edit
Rendered runners/_form (4.2ms)
Completed in 15ms (View: 6, DB: 0) | 200 OK [http://0.0.0.0/runners/1/edit]


Processing RunnersController#update (for 127.0.0.1 at 2010-04-14 22:02:17) [PUT]
  Parameters: {"commit"=>"Save", "authenticity_token"=>"R2jQ7LMbj8jsblsVevyezviJuwleRY2WrTQc2O/g/Ow=", "id"=>"1", "runner"=>{"name"=>"Andreas"}}
  [4;35;1mRunner Load (0.2ms)[0m   [0mSELECT * FROM "runners" WHERE ("runners"."id" = 1) [0m
Redirected to http://0.0.0.0:3000/runners/1
Completed in 12ms (DB: 0) | 302 Found [http://0.0.0.0/runners/1]


Processing RunnersController#show (for 127.0.0.1 at 2010-04-14 22:02:17) [GET]
  Parameters: {"id"=>"1"}
  [4;36;1mRunner Load (0.3ms)[0m   [0;1mSELECT * FROM "runners" WHERE ("runners"."id" = 1) [0m
Rendering template within layouts/runners
Rendering runners/show
Completed in 11ms (View: 3, DB: 0) | 200 OK [http://0.0.0.0/runners/1]


Processing RunnersController#index (for 127.0.0.1 at 2010-04-14 22:40:00) [GET]
  [4;36;1mRunner Load (0.8ms)[0m   [0;1mSELECT * FROM "runners" [0m
Rendering template within layouts/runners
Rendering runners/index
Completed in 57ms (View: 42, DB: 1) | 200 OK [http://0.0.0.0/runners]


Processing RunnersController#edit (for 127.0.0.1 at 2010-04-14 22:40:03) [GET]
  Parameters: {"id"=>"5"}
  [4;35;1mRunner Load (0.2ms)[0m   [0mSELECT * FROM "runners" WHERE ("runners"."id" = 5) [0m
Rendering template within layouts/runners
Rendering runners/edit
Rendered runners/_form (4.5ms)
Completed in 21ms (View: 13, DB: 0) | 200 OK [http://0.0.0.0/runners/5/edit]


Processing RunnersController#update (for 127.0.0.1 at 2010-04-14 22:40:05) [PUT]
  Parameters: {"commit"=>"Save", "authenticity_token"=>"R2jQ7LMbj8jsblsVevyezviJuwleRY2WrTQc2O/g/Ow=", "id"=>"5", "runner"=>{"name"=>"etwerasd"}}
  [4;36;1mRunner Load (0.3ms)[0m   [0;1mSELECT * FROM "runners" WHERE ("runners"."id" = 5) [0m
Redirected to http://0.0.0.0:3000/runners/5
Completed in 50ms (DB: 0) | 302 Found [http://0.0.0.0/runners/5]


Processing RunnersController#show (for 127.0.0.1 at 2010-04-14 22:40:05) [GET]
  Parameters: {"id"=>"5"}
  [4;35;1mRunner Load (0.2ms)[0m   [0mSELECT * FROM "runners" WHERE ("runners"."id" = 5) [0m
Rendering template within layouts/runners
Rendering runners/show
Completed in 17ms (View: 7, DB: 0) | 200 OK [http://0.0.0.0/runners/5]


Processing UnitsController#index (for 127.0.0.1 at 2010-04-14 22:40:10) [GET]

ActiveRecord::RecordNotFound (Couldn't find Runner without an ID):
  app/controllers/units_controller.rb:3:in `index'
  /usr/lib/ruby/1.8/webrick/httpserver.rb:104:in `service'
  /usr/lib/ruby/1.8/webrick/httpserver.rb:65:in `run'
  /usr/lib/ruby/1.8/webrick/server.rb:173:in `start_thread'
  /usr/lib/ruby/1.8/webrick/server.rb:162:in `start'
  /usr/lib/ruby/1.8/webrick/server.rb:162:in `start_thread'
  /usr/lib/ruby/1.8/webrick/server.rb:95:in `start'
  /usr/lib/ruby/1.8/webrick/server.rb:92:in `each'
  /usr/lib/ruby/1.8/webrick/server.rb:92:in `start'
  /usr/lib/ruby/1.8/webrick/server.rb:23:in `start'
  /usr/lib/ruby/1.8/webrick/server.rb:82:in `start'

Rendered rescues/_trace (36.6ms)
Rendered rescues/_request_and_response (1.3ms)
Rendering rescues/layout (not_found)


Processing UnitsController#1 (for 127.0.0.1 at 2010-04-14 22:41:51) [GET]

ActionController::UnknownAction (No action responded to 1. Actions: create, destroy, edit, index, new, show, and update):
  /usr/lib/ruby/1.8/webrick/httpserver.rb:104:in `service'
  /usr/lib/ruby/1.8/webrick/httpserver.rb:65:in `run'
  /usr/lib/ruby/1.8/webrick/server.rb:173:in `start_thread'
  /usr/lib/ruby/1.8/webrick/server.rb:162:in `start'
  /usr/lib/ruby/1.8/webrick/server.rb:162:in `start_thread'
  /usr/lib/ruby/1.8/webrick/server.rb:95:in `start'
  /usr/lib/ruby/1.8/webrick/server.rb:92:in `each'
  /usr/lib/ruby/1.8/webrick/server.rb:92:in `start'
  /usr/lib/ruby/1.8/webrick/server.rb:23:in `start'
  /usr/lib/ruby/1.8/webrick/server.rb:82:in `start'

Rendering rescues/layout (not_found)


Processing RunnersController#index (for 127.0.0.1 at 2010-04-14 22:45:16) [GET]
  [4;36;1mRunner Load (0.7ms)[0m   [0;1mSELECT * FROM "runners" [0m
Rendering template within layouts/runners
Rendering runners/index
Completed in 28ms (View: 18, DB: 1) | 200 OK [http://0.0.0.0/runners]


Processing RunnersController#edit (for 127.0.0.1 at 2010-04-14 22:45:19) [GET]
  Parameters: {"id"=>"5"}
  [4;35;1mRunner Load (0.2ms)[0m   [0mSELECT * FROM "runners" WHERE ("runners"."id" = 5) [0m
Rendering template within layouts/runners
Rendering runners/edit
Rendered runners/_form (3.9ms)
Completed in 14ms (View: 6, DB: 0) | 200 OK [http://0.0.0.0/runners/5/edit]


Processing RunnersController#show (for 127.0.0.1 at 2010-04-14 22:45:26) [GET]
  Parameters: {"id"=>"5"}
  [4;36;1mRunner Load (0.2ms)[0m   [0;1mSELECT * FROM "runners" WHERE ("runners"."id" = 5) [0m
Rendering template within layouts/runners
Rendering runners/show
  [4;35;1mUnit Load (0.4ms)[0m   [0mSELECT * FROM "units" WHERE ("units".runner_id = 5) [0m
Completed in 40ms (View: 31, DB: 1) | 200 OK [http://0.0.0.0/runners/5]


Processing UnitsController#index (for 127.0.0.1 at 2010-04-14 22:45:29) [GET]
  Parameters: {"runner_id"=>"5"}
  [4;36;1mRunner Load (0.2ms)[0m   [0;1mSELECT * FROM "runners" WHERE ("runners"."id" = 5) [0m
Rendering units/index

ActionView::TemplateError (undefined method `title' for #<Runner:0xb749df38>) on line #1 of app/views/units/index.html.erb:
1: <h1>Units for <%= @runner.title %></h1> 
2: <table>
3:   <tr> 
4:    <th>Description</th> 

    app/views/units/index.html.erb:1
    /usr/lib/ruby/1.8/webrick/httpserver.rb:104:in `service'
    /usr/lib/ruby/1.8/webrick/httpserver.rb:65:in `run'
    /usr/lib/ruby/1.8/webrick/server.rb:173:in `start_thread'
    /usr/lib/ruby/1.8/webrick/server.rb:162:in `start'
    /usr/lib/ruby/1.8/webrick/server.rb:162:in `start_thread'
    /usr/lib/ruby/1.8/webrick/server.rb:95:in `start'
    /usr/lib/ruby/1.8/webrick/server.rb:92:in `each'
    /usr/lib/ruby/1.8/webrick/server.rb:92:in `start'
    /usr/lib/ruby/1.8/webrick/server.rb:23:in `start'
    /usr/lib/ruby/1.8/webrick/server.rb:82:in `start'

Rendered rescues/_trace (87.5ms)
Rendered rescues/_request_and_response (0.3ms)
Rendering rescues/layout (internal_server_error)


Processing UnitsController#index (for 127.0.0.1 at 2010-04-14 22:46:49) [GET]
  Parameters: {"runner_id"=>"5"}
  [4;35;1mRunner Load (0.2ms)[0m   [0mSELECT * FROM "runners" WHERE ("runners"."id" = 5) [0m
Rendering units/index
  [4;36;1mUnit Load (0.2ms)[0m   [0;1mSELECT * FROM "units" WHERE ("units".runner_id = 5) [0m
Completed in 18ms (View: 7, DB: 0) | 200 OK [http://0.0.0.0/runners/5/units]


Processing ApplicationController#index (for 127.0.0.1 at 2010-04-14 22:46:53) [GET]

ActionController::RoutingError (No route matches "/runners//units/new" with {:method=>:get}):
  /usr/lib/ruby/1.8/webrick/httpserver.rb:104:in `service'
  /usr/lib/ruby/1.8/webrick/httpserver.rb:65:in `run'
  /usr/lib/ruby/1.8/webrick/server.rb:173:in `start_thread'
  /usr/lib/ruby/1.8/webrick/server.rb:162:in `start'
  /usr/lib/ruby/1.8/webrick/server.rb:162:in `start_thread'
  /usr/lib/ruby/1.8/webrick/server.rb:95:in `start'
  /usr/lib/ruby/1.8/webrick/server.rb:92:in `each'
  /usr/lib/ruby/1.8/webrick/server.rb:92:in `start'
  /usr/lib/ruby/1.8/webrick/server.rb:23:in `start'
  /usr/lib/ruby/1.8/webrick/server.rb:82:in `start'

Rendering rescues/layout (not_found)


Processing UnitsController#index (for 127.0.0.1 at 2010-04-14 22:48:09) [GET]
  Parameters: {"runner_id"=>"5"}
  [4;35;1mRunner Load (0.2ms)[0m   [0mSELECT * FROM "runners" WHERE ("runners"."id" = 5) [0m
Rendering units/index
  [4;36;1mUnit Load (0.2ms)[0m   [0;1mSELECT * FROM "units" WHERE ("units".runner_id = 5) [0m
Completed in 18ms (View: 7, DB: 0) | 200 OK [http://0.0.0.0/runners/5/units]


Processing UnitsController#new (for 127.0.0.1 at 2010-04-14 22:48:11) [GET]
  Parameters: {"runner_id"=>"5"}
  [4;35;1mRunner Load (0.2ms)[0m   [0mSELECT * FROM "runners" WHERE ("runners"."id" = 5) [0m
Rendering units/new
Completed in 21ms (View: 8, DB: 0) | 200 OK [http://0.0.0.0/runners/5/units/new]


Processing UnitsController#create (for 127.0.0.1 at 2010-04-14 22:48:30) [POST]
  Parameters: {"commit"=>"Create", "runner_id"=>"5", "authenticity_token"=>"R2jQ7LMbj8jsblsVevyezviJuwleRY2WrTQc2O/g/Ow=", "unit"=>{"date"=>"1.1.2010", "description"=>"Alsterlauf"}}
  [4;36;1mRunner Load (0.3ms)[0m   [0;1mSELECT * FROM "runners" WHERE ("runners"."id" = 5) [0m
  [4;35;1mUnit Create (0.4ms)[0m   [0mINSERT INTO "units" ("created_at", "runner_id", "updated_at", "date", "description") VALUES('2010-04-14 20:48:30', 5, '2010-04-14 20:48:30', '2010-01-01', 'Alsterlauf')[0m
Redirected to http://0.0.0.0:3000/runners/5/units/1
Completed in 104ms (DB: 1) | 302 Found [http://0.0.0.0/runners/5/units]


Processing UnitsController#show (for 127.0.0.1 at 2010-04-14 22:48:31) [GET]
  Parameters: {"runner_id"=>"5", "id"=>"1"}
  [4;36;1mRunner Load (0.2ms)[0m   [0;1mSELECT * FROM "runners" WHERE ("runners"."id" = 5) [0m
  [4;35;1mUnit Load (0.3ms)[0m   [0mSELECT * FROM "units" WHERE ("units"."id" = 1 AND ("units".runner_id = 5)) [0m
Rendering units/show
Completed in 21ms (View: 8, DB: 1) | 200 OK [http://0.0.0.0/runners/5/units/1]


Processing UnitsController#index (for 127.0.0.1 at 2010-04-14 22:48:42) [GET]
  Parameters: {"runner_id"=>"5"}
  [4;36;1mRunner Load (0.2ms)[0m   [0;1mSELECT * FROM "runners" WHERE ("runners"."id" = 5) [0m
Rendering units/index
  [4;35;1mUnit Load (0.3ms)[0m   [0mSELECT * FROM "units" WHERE ("units".runner_id = 5) [0m
Completed in 20ms (View: 9, DB: 1) | 200 OK [http://0.0.0.0/runners/5/units]


Processing UnitsController#show (for 127.0.0.1 at 2010-04-14 22:48:47) [GET]
  Parameters: {"runner_id"=>"5", "id"=>"1"}
  [4;36;1mRunner Load (0.2ms)[0m   [0;1mSELECT * FROM "runners" WHERE ("runners"."id" = 5) [0m
  [4;35;1mUnit Load (0.3ms)[0m   [0mSELECT * FROM "units" WHERE ("units"."id" = 1 AND ("units".runner_id = 5)) [0m
Rendering units/show
Completed in 16ms (View: 3, DB: 0) | 200 OK [http://0.0.0.0/runners/5/units/1]


Processing UnitsController#index (for 127.0.0.1 at 2010-04-14 22:48:50) [GET]
  Parameters: {"runner_id"=>"5"}
  [4;36;1mRunner Load (0.2ms)[0m   [0;1mSELECT * FROM "runners" WHERE ("runners"."id" = 5) [0m
Rendering units/index
  [4;35;1mUnit Load (0.3ms)[0m   [0mSELECT * FROM "units" WHERE ("units".runner_id = 5) [0m
Completed in 20ms (View: 9, DB: 1) | 200 OK [http://0.0.0.0/runners/5/units]


Processing RunnersController#show (for 127.0.0.1 at 2010-04-14 22:48:54) [GET]
  Parameters: {"id"=>"5"}
  [4;36;1mRunner Load (0.2ms)[0m   [0;1mSELECT * FROM "runners" WHERE ("runners"."id" = 5) [0m
Rendering template within layouts/runners
Rendering runners/show
  [4;35;1mUnit Load (0.3ms)[0m   [0mSELECT * FROM "units" WHERE ("units".runner_id = 5) [0m
Completed in 17ms (View: 9, DB: 1) | 200 OK [http://0.0.0.0/runners/5]


Processing UnitsController#index (for 127.0.0.1 at 2010-04-14 22:49:03) [GET]
  Parameters: {"runner_id"=>"5"}
  [4;36;1mRunner Load (0.2ms)[0m   [0;1mSELECT * FROM "runners" WHERE ("runners"."id" = 5) [0m
Rendering units/index
  [4;35;1mUnit Load (0.3ms)[0m   [0mSELECT * FROM "units" WHERE ("units".runner_id = 5) [0m
Completed in 20ms (View: 9, DB: 1) | 200 OK [http://0.0.0.0/runners/5/units]


Processing UnitsController#new (for 127.0.0.1 at 2010-04-14 22:49:05) [GET]
  Parameters: {"runner_id"=>"5"}
  [4;36;1mRunner Load (0.2ms)[0m   [0;1mSELECT * FROM "runners" WHERE ("runners"."id" = 5) [0m
Rendering units/new
Completed in 69ms (View: 4, DB: 0) | 200 OK [http://0.0.0.0/runners/5/units/new]


Processing UnitsController#create (for 127.0.0.1 at 2010-04-14 22:49:20) [POST]
  Parameters: {"commit"=>"Create", "runner_id"=>"5", "authenticity_token"=>"R2jQ7LMbj8jsblsVevyezviJuwleRY2WrTQc2O/g/Ow=", "unit"=>{"date"=>"2.1.2010", "description"=>"Stadtpark"}}
  [4;35;1mRunner Load (0.2ms)[0m   [0mSELECT * FROM "runners" WHERE ("runners"."id" = 5) [0m
  [4;36;1mUnit Create (0.3ms)[0m   [0;1mINSERT INTO "units" ("created_at", "runner_id", "updated_at", "date", "description") VALUES('2010-04-14 20:49:20', 5, '2010-04-14 20:49:20', '2010-01-02', 'Stadtpark')[0m
Redirected to http://0.0.0.0:3000/runners/5/units/2
Completed in 90ms (DB: 1) | 302 Found [http://0.0.0.0/runners/5/units]


Processing UnitsController#show (for 127.0.0.1 at 2010-04-14 22:49:20) [GET]
  Parameters: {"runner_id"=>"5", "id"=>"2"}
  [4;35;1mRunner Load (0.3ms)[0m   [0mSELECT * FROM "runners" WHERE ("runners"."id" = 5) [0m
  [4;36;1mUnit Load (0.3ms)[0m   [0;1mSELECT * FROM "units" WHERE ("units"."id" = 2 AND ("units".runner_id = 5)) [0m
Rendering units/show
Completed in 17ms (View: 3, DB: 1) | 200 OK [http://0.0.0.0/runners/5/units/2]


Processing UnitsController#index (for 127.0.0.1 at 2010-04-14 22:49:26) [GET]
  Parameters: {"runner_id"=>"5"}
  [4;35;1mRunner Load (0.2ms)[0m   [0mSELECT * FROM "runners" WHERE ("runners"."id" = 5) [0m
Rendering units/index
  [4;36;1mUnit Load (0.4ms)[0m   [0;1mSELECT * FROM "units" WHERE ("units".runner_id = 5) [0m
Completed in 33ms (View: 13, DB: 1) | 200 OK [http://0.0.0.0/runners/5/units]


Processing RunnersController#show (for 127.0.0.1 at 2010-04-14 22:49:28) [GET]
  Parameters: {"id"=>"5"}
  [4;35;1mRunner Load (0.2ms)[0m   [0mSELECT * FROM "runners" WHERE ("runners"."id" = 5) [0m
Rendering template within layouts/runners
Rendering runners/show
  [4;36;1mUnit Load (0.4ms)[0m   [0;1mSELECT * FROM "units" WHERE ("units".runner_id = 5) [0m
Completed in 17ms (View: 9, DB: 1) | 200 OK [http://0.0.0.0/runners/5]


Processing RunnersController#index (for 127.0.0.1 at 2010-04-14 22:49:34) [GET]
  [4;35;1mRunner Load (0.7ms)[0m   [0mSELECT * FROM "runners" [0m
Rendering template within layouts/runners
Rendering runners/index
Completed in 25ms (View: 18, DB: 1) | 200 OK [http://0.0.0.0/runners]
